<?xml version="1.0" encoding="UTF-8"?>
<testng-results ignored="0" total="1" passed="1" failed="0" skipped="0">
  <reporter-output>
  </reporter-output>
  <suite started-at="2021-10-12T11:12:23 IST" name="Default suite" finished-at="2021-10-12T11:12:39 IST" duration-ms="15953">
    <groups>
    </groups>
    <test started-at="2021-10-12T11:12:23 IST" name="Default test" finished-at="2021-10-12T11:12:39 IST" duration-ms="15953">
      <class name="org.project.testScripts.Login_Page_Test">
        <test-method is-config="true" signature="setUp()[pri:0, instance:org.project.testScripts.Login_Page_Test@10959ece]" started-at="2021-10-12T11:12:23 IST" name="setUp" finished-at="2021-10-12T11:12:38 IST" duration-ms="15104" status="PASS">
          <reporter-output>
          </reporter-output>
        </test-method> <!-- setUp -->
        <test-method signature="login()[pri:0, instance:org.project.testScripts.Login_Page_Test@10959ece]" started-at="2021-10-12T11:12:38 IST" name="login" finished-at="2021-10-12T11:12:39 IST" duration-ms="396" status="PASS">
          <reporter-output>
          </reporter-output>
        </test-method> <!-- login -->
        <test-method is-config="true" signature="teardown()[pri:0, instance:org.project.testScripts.Login_Page_Test@10959ece]" started-at="2021-10-12T11:12:39 IST" name="teardown" finished-at="2021-10-12T11:12:39 IST" duration-ms="376" status="PASS">
          <reporter-output>
          </reporter-output>
        </test-method> <!-- teardown -->
      </class> <!-- org.project.testScripts.Login_Page_Test -->
    </test> <!-- Default test -->
  </suite> <!-- Default suite -->
</testng-results>
